[2021-06-25 19:08:13.351] [exthost] [info] extension host started
[2021-06-25 19:08:16.505] [exthost] [info] ExtensionService#_doActivateExtension vscode.microsoft-authentication {"startup":false,"extensionId":{"value":"vscode.microsoft-authentication","_lower":"vscode.microsoft-authentication"},"activationEvent":"onAuthenticationRequest:microsoft"}
[2021-06-25 19:08:16.507] [exthost] [info] ExtensionService#loadCommonJSModule file:///c:/Users/marco/AppData/Local/Programs/Microsoft VS Code/resources/app/extensions/microsoft-authentication/dist/extension.js
[2021-06-25 19:08:17.156] [exthost] [info] ExtensionService#_doActivateExtension vscode.debug-auto-launch {"startup":true,"extensionId":{"value":"vscode.debug-auto-launch","_lower":"vscode.debug-auto-launch"},"activationEvent":"*"}
[2021-06-25 19:08:17.376] [exthost] [info] ExtensionService#loadCommonJSModule file:///c:/Users/marco/AppData/Local/Programs/Microsoft VS Code/resources/app/extensions/debug-auto-launch/dist/extension
[2021-06-25 19:08:17.493] [exthost] [info] ExtensionService#_doActivateExtension vscode.git {"startup":true,"extensionId":{"value":"vscode.github","_lower":"vscode.github"},"activationEvent":"*"}
[2021-06-25 19:08:17.494] [exthost] [info] ExtensionService#loadCommonJSModule file:///c:/Users/marco/AppData/Local/Programs/Microsoft VS Code/resources/app/extensions/git/dist/main
[2021-06-25 19:08:18.106] [exthost] [info] ExtensionService#_doActivateExtension ms-vsliveshare.vsliveshare {"startup":true,"extensionId":{"value":"ms-vsliveshare.vsliveshare","_lower":"ms-vsliveshare.vsliveshare"},"activationEvent":"*"}
[2021-06-25 19:08:18.106] [exthost] [info] ExtensionService#loadCommonJSModule file:///c:/Users/marco/.vscode/extensions/ms-vsliveshare.vsliveshare-1.0.4419/out/prod/extension-prod
[2021-06-25 19:08:29.884] [exthost] [info] ExtensionService#_doActivateExtension vscjava.vscode-maven {"startup":true,"extensionId":{"value":"vscjava.vscode-maven","_lower":"vscjava.vscode-maven"},"activationEvent":"workspaceContainsTimeout:**/pom.xml"}
[2021-06-25 19:08:29.884] [exthost] [info] ExtensionService#loadCommonJSModule file:///c:/Users/marco/.vscode/extensions/vscjava.vscode-maven-0.31.0/dist/extension
[2021-06-25 19:08:31.497] [exthost] [info] ExtensionService#_doActivateExtension vscode.emmet {"startup":false,"extensionId":{"value":"vscode.emmet","_lower":"vscode.emmet"},"activationEvent":"onStartupFinished"}
[2021-06-25 19:08:31.498] [exthost] [info] ExtensionService#loadCommonJSModule file:///c:/Users/marco/AppData/Local/Programs/Microsoft VS Code/resources/app/extensions/emmet/dist/node/emmetNodeMain
[2021-06-25 19:08:31.607] [exthost] [info] ExtensionService#_doActivateExtension vscode.merge-conflict {"startup":false,"extensionId":{"value":"vscode.merge-conflict","_lower":"vscode.merge-conflict"},"activationEvent":"onStartupFinished"}
[2021-06-25 19:08:31.607] [exthost] [info] ExtensionService#loadCommonJSModule file:///c:/Users/marco/AppData/Local/Programs/Microsoft VS Code/resources/app/extensions/merge-conflict/dist/mergeConflictMain
[2021-06-25 19:08:31.664] [exthost] [info] ExtensionService#_doActivateExtension ms-vscode-remote.remote-wsl-recommender {"startup":false,"extensionId":{"value":"ms-vscode-remote.remote-wsl-recommender","_lower":"ms-vscode-remote.remote-wsl-recommender"},"activationEvent":"onStartupFinished"}
[2021-06-25 19:08:31.665] [exthost] [info] ExtensionService#loadCommonJSModule file:///c:/Users/marco/AppData/Local/Programs/Microsoft VS Code/resources/app/extensions/ms-vscode-remote.remote-wsl-recommender/dist/extension.js
[2021-06-25 19:08:31.771] [exthost] [info] ExtensionService#_doActivateExtension vscode.testing-editor-contributions {"startup":false,"extensionId":{"value":"vscode.testing-editor-contributions","_lower":"vscode.testing-editor-contributions"},"activationEvent":"onStartupFinished"}
[2021-06-25 19:08:31.772] [exthost] [info] ExtensionService#loadCommonJSModule file:///c:/Users/marco/AppData/Local/Programs/Microsoft VS Code/resources/app/extensions/testing-editor-contributions/dist/extension.js
[2021-06-25 19:08:33.007] [exthost] [info] ExtensionService#_doActivateExtension ms-vscode.js-debug {"startup":false,"extensionId":{"value":"ms-vscode.js-debug","_lower":"ms-vscode.js-debug"},"activationEvent":"onCommand:extension.js-debug.clearAutoAttachVariables"}
[2021-06-25 19:08:33.007] [exthost] [info] ExtensionService#loadCommonJSModule file:///c:/Users/marco/AppData/Local/Programs/Microsoft VS Code/resources/app/extensions/ms-vscode.js-debug/src/extension.js
[2021-06-25 19:08:34.517] [exthost] [info] ExtensionService#_doActivateExtension vscode.github {"startup":false,"extensionId":{"value":"vscode.github","_lower":"vscode.github"},"activationEvent":"*"}
[2021-06-25 19:08:34.518] [exthost] [info] ExtensionService#loadCommonJSModule file:///c:/Users/marco/AppData/Local/Programs/Microsoft VS Code/resources/app/extensions/github/dist/extension.js
[2021-06-25 19:08:35.104] [exthost] [info] ExtensionService#_doActivateExtension vscode.github-authentication {"startup":false,"extensionId":{"value":"vscode.github-authentication","_lower":"vscode.github-authentication"},"activationEvent":"onAuthenticationRequest:github"}
[2021-06-25 19:08:35.105] [exthost] [info] ExtensionService#loadCommonJSModule file:///c:/Users/marco/AppData/Local/Programs/Microsoft VS Code/resources/app/extensions/github-authentication/dist/extension.js
[2021-06-25 19:08:56.236] [exthost] [error] Activating extension ms-vsliveshare.vsliveshare failed due to an error:
[2021-06-25 19:08:56.236] [exthost] [error] Error: Agent terminated with exit code: 0 and signal null: A fatal error occurred. The required library hostfxr.dll could not be found.
If this is a self-contained application, that library should exist in [c:\Users\marco\.vscode\extensions\ms-vsliveshare.vsliveshare-1.0.4419\dotnet_modules\].
If this is a framework-dependent application, install the runtime in the global location [C:\Program Files (x86)\dotnet] or use the DOTNET_ROOT(x86) environment variable to specify the runtime location or register the runtime location in [HKLM\SOFTWARE\dotnet\Setup\InstalledVersions\x86\InstallLocation].The .NET Core runtime can be found at:
  - https://aka.ms/dotnet-core-applaunch?missing_runtime=true&arch=x86&rid=win10-x86
	at ChildProcess.<anonymous> (c:\Users\marco\.vscode\extensions\ms-vsliveshare.vsliveshare-1.0.4419\out\prod\extension-prod.js:194642:32)
	at ChildProcess.emit (events.js:327:22)
	at maybeClose (internal/child_process.js:1048:16)
	at Socket.<anonymous> (internal/child_process.js:439:11)
	at Socket.emit (events.js:315:20)
	at Pipe.<anonymous> (net.js:673:12)
[2021-06-25 19:08:56.237] [exthost] [info] eager extensions activated
[2021-06-25 22:22:52.617] [exthost] [info] ExtensionService#_doActivateExtension formulahendry.code-runner {"startup":false,"extensionId":{"value":"formulahendry.code-runner","_lower":"formulahendry.code-runner"},"activationEvent":"onStartupFinished"}
[2021-06-25 22:22:52.770] [exthost] [info] ExtensionService#loadCommonJSModule file:///c:/Users/marco/.vscode/extensions/formulahendry.code-runner-0.11.4/out/src/extension
[2021-06-25 22:23:49.140] [exthost] [info] ExtensionService#_doActivateExtension ritwickdey.LiveServer {"startup":false,"extensionId":{"value":"ritwickdey.LiveServer","_lower":"ritwickdey.liveserver"},"activationEvent":"*"}
[2021-06-25 22:23:49.141] [exthost] [info] ExtensionService#loadCommonJSModule file:///c:/Users/marco/.vscode/extensions/ritwickdey.liveserver-5.6.1/out/src/extension
[2021-06-25 22:25:42.152] [exthost] [info] ExtensionService#_doActivateExtension misogi.ruby-rubocop {"startup":false,"extensionId":{"value":"misogi.ruby-rubocop","_lower":"misogi.ruby-rubocop"},"activationEvent":"onLanguage:ruby"}
[2021-06-25 22:25:42.153] [exthost] [info] ExtensionService#loadCommonJSModule file:///c:/Users/marco/.vscode/extensions/misogi.ruby-rubocop-0.8.5/out/src/extension
[2021-06-25 22:25:55.911] [exthost] [info] ExtensionService#_doActivateExtension ms-vscode-remote.remote-wsl {"startup":false,"extensionId":{"value":"ms-vscode-remote.remote-wsl","_lower":"ms-vscode-remote.remote-wsl"},"activationEvent":"onStartupFinished"}
[2021-06-25 22:25:55.912] [exthost] [info] ExtensionService#loadCommonJSModule file:///c:/Users/marco/.vscode/extensions/ms-vscode-remote.remote-wsl-0.56.5/dist/extension
[2021-06-25 22:26:15.539] [exthost] [info] ExtensionService#_doActivateExtension vscode.typescript-language-features {"startup":false,"extensionId":{"value":"vscode.typescript-language-features","_lower":"vscode.typescript-language-features"},"activationEvent":"onLanguage:javascript"}
[2021-06-25 22:26:15.540] [exthost] [info] ExtensionService#loadCommonJSModule file:///c:/Users/marco/AppData/Local/Programs/Microsoft VS Code/resources/app/extensions/typescript-language-features/dist/extension
[2021-06-25 22:26:15.822] [exthost] [info] ExtensionService#_doActivateExtension VisualStudioExptTeam.vscodeintellicode {"startup":false,"extensionId":{"value":"VisualStudioExptTeam.vscodeintellicode","_lower":"visualstudioexptteam.vscodeintellicode"},"activationEvent":"onLanguage:javascript"}
[2021-06-25 22:26:15.822] [exthost] [info] ExtensionService#loadCommonJSModule file:///c:/Users/marco/.vscode/extensions/visualstudioexptteam.vscodeintellicode-1.2.14/dist/intellicode
[2021-06-25 22:26:18.432] [exthost] [info] ExtensionService#_doActivateExtension vscode.configuration-editing {"startup":false,"extensionId":{"value":"vscode.configuration-editing","_lower":"vscode.configuration-editing"},"activationEvent":"onLanguage:jsonc"}
[2021-06-25 22:26:18.433] [exthost] [info] ExtensionService#loadCommonJSModule file:///c:/Users/marco/AppData/Local/Programs/Microsoft VS Code/resources/app/extensions/configuration-editing/dist/configurationEditingMain
[2021-06-25 22:26:18.942] [exthost] [info] ExtensionService#_doActivateExtension vscode.json-language-features {"startup":false,"extensionId":{"value":"vscode.json-language-features","_lower":"vscode.json-language-features"},"activationEvent":"onLanguage:jsonc"}
[2021-06-25 22:26:18.942] [exthost] [info] ExtensionService#loadCommonJSModule file:///c:/Users/marco/AppData/Local/Programs/Microsoft VS Code/resources/app/extensions/json-language-features/client/dist/node/jsonClientMain
[2021-06-25 22:52:56.872] [exthost] [info] extension host terminating: parent process 14496 does not exist anymore: kill ESRCH (code: ESRCH) (errno: -4040)
[2021-06-25 22:52:59.059] [exthost] [info] exiting with code 0
